<?xml version="1.0" encoding="UTF-8"?>
<!-- Generated by org.testng.reporters.JUnitReportReporter -->
<testsuite hostname="ArvindTomar" failures="0" tests="1" name="pages.Practice" time="0.015" errors="0" timestamp="2019-11-18T23:16:43 IST" skipped="0">
  <testcase classname="pages.Practice" name="test1" time="0.015"/>
</testsuite> <!-- pages.Practice -->
