<?xml version="1.0" encoding="UTF-8"?>
<!-- Generated by org.testng.reporters.JUnitReportReporter -->
<testsuite hostname="ArvindTomar" failures="0" tests="3" name="pages.Practice2" time="0.016" errors="0" timestamp="2019-11-18T23:55:44 IST" skipped="0">
  <testcase classname="pages.Practice2" name="test2" time="0.008"/>
  <testcase classname="pages.Practice2" name="test2" time="0.001"/>
  <testcase classname="pages.Practice2" name="test1" time="0.007"/>
</testsuite> <!-- pages.Practice2 -->
